#
# There is insufficient memory for the Java Runtime Environment to continue.
# Native memory allocation (malloc) failed to allocate 1048576 bytes for AllocateHeap
# Possible reasons:
#   The system is out of physical RAM or swap space
#   In 32 bit mode, the process size limit was hit
# Possible solutions:
#   Reduce memory load on the system
#   Increase physical memory or swap space
#   Check if swap backing store is full
#   Use 64 bit Java on a 64 bit OS
#   Decrease Java heap size (-Xmx/-Xms)
#   Decrease number of Java threads
#   Decrease Java thread stack sizes (-Xss)
#   Set larger code cache with -XX:ReservedCodeCacheSize=
# This output file may be truncated or incomplete.
#
#  Out of Memory Error (memory/allocation.inline.hpp:61), pid=14088, tid=0x0000000000002bcc
#
# JRE version:  (8.0_112-b15) (build )
# Java VM: Java HotSpot(TM) 64-Bit Server VM (25.112-b15 mixed mode windows-amd64 compressed oops)
# Failed to write core dump. Minidumps are not enabled by default on client versions of Windows
#

---------------  T H R E A D  ---------------

Current thread (0x00000000029ae800):  JavaThread "Unknown thread" [_thread_in_vm, id=11212, stack(0x00000000029b0000,0x0000000002ab0000)]

Stack: [0x00000000029b0000,0x0000000002ab0000]
[error occurred during error reporting (printing stack bounds), id 0xc0000005]

Native frames: (J=compiled Java code, j=interpreted, Vv=VM code, C=native code)


---------------  P R O C E S S  ---------------

Java Threads: ( => current thread )

Other Threads:

=>0x00000000029ae800 (exited) JavaThread "Unknown thread" [_thread_in_vm, id=11212, stack(0x00000000029b0000,0x0000000002ab0000)]

VM state:not at safepoint (normal execution)

VM Mutex/Monitor currently owned by a thread: None

Heap:
 PSYoungGen      total 2048K, used 30K [0x00000000d8400000, 0x00000000d8680000, 0x0000000100000000)
  eden space 1536K, 2% used [0x00000000d8400000,0x00000000d8407af0,0x00000000d8580000)
  from space 512K, 0% used [0x00000000d8600000,0x00000000d8600000,0x00000000d8680000)
  to   space 512K, 0% used [0x00000000d8580000,0x00000000d8580000,0x00000000d8600000)
 ParOldGen       total 5632K, used 0K [0x0000000088c00000, 0x0000000089180000, 0x00000000d8400000)
  object space 5632K, 0% used [0x0000000088c00000,0x0000000088c00000,0x0000000089180000)
 Metaspace       used 783K, capacity 1092K, committed 1152K, reserved 1060864K
  class space    used 75K, capacity 384K, committed 384K, reserved 1048576K

Card table byte_map: [0x0000000012020000,0x00000000123e0000] byte_map_base: 0x0000000011bda000

Marking Bits: (ParMarkBitMap*) 0x000000006c37a6d0
 Begin Bits: [0x0000000012a60000, 0x0000000014830000)
 End Bits:   [0x0000000014830000, 0x0000000016600000)

Polling page: 0x00000000028e0000

CodeCache: size=245760Kb used=327Kb max_used=327Kb free=245432Kb
 bounds [0x0000000002c60000, 0x0000000002ed0000, 0x0000000011c60000]
 total_blobs=57 nmethods=0 adapters=38
 compilation: enabled

Compilation events (0 events):
No events

GC Heap History (0 events):
No events

Deoptimization events (0 events):
No events

Internal exceptions (0 events):
No events

Events (10 events):
Event: 0.034 loading class java/lang/Short
Event: 0.034 loading class java/lang/Short done
Event: 0.034 loading class java/lang/Integer
Event: 0.034 loading class java/lang/Integer done
Event: 0.034 loading class java/lang/Long
Event: 0.034 loading class java/lang/Long done
Event: 0.035 loading class java/lang/NullPointerException
Event: 0.035 loading class java/lang/NullPointerException done
Event: 0.035 loading class java/lang/ArithmeticException
Event: 0.035 loading class java/lang/ArithmeticException done


Dynamic libraries:
0x00007ff6358b0000 - 0x00007ff6358b7000 	C:\Program Files\Java\jdk1.8.0_112\bin\keytool.exe
0x00007ffc9f1b0000 - 0x00007ffc9f381000 	C:\WINDOWS\SYSTEM32\ntdll.dll
0x00007ffc9efa0000 - 0x00007ffc9f04c000 	C:\WINDOWS\System32\KERNEL32.DLL
0x00007ffc9bdd0000 - 0x00007ffc9bfed000 	C:\WINDOWS\System32\KERNELBASE.dll
0x000000006e1f0000 - 0x000000006e21f000 	C:\Program Files\Java\jdk1.8.0_112\bin\jli.dll
0x000000006d880000 - 0x000000006d952000 	C:\Program Files\Java\jdk1.8.0_112\bin\MSVCR100.dll
0x00007ffc9e580000 - 0x00007ffc9e622000 	C:\WINDOWS\System32\ADVAPI32.dll
0x00007ffc9e830000 - 0x00007ffc9e8ce000 	C:\WINDOWS\System32\msvcrt.dll
0x00007ffc9e8d0000 - 0x00007ffc9e929000 	C:\WINDOWS\System32\sechost.dll
0x00007ffc9e6c0000 - 0x00007ffc9e7e1000 	C:\WINDOWS\System32\RPCRT4.dll
0x00007ffc9ed70000 - 0x00007ffc9eed5000 	C:\WINDOWS\System32\USER32.dll
0x00007ffc9bdb0000 - 0x00007ffc9bdce000 	C:\WINDOWS\System32\win32u.dll
0x00007ffc8b180000 - 0x00007ffc8b3fa000 	C:\WINDOWS\WinSxS\amd64_microsoft.windows.common-controls_6595b64144ccf1df_6.0.14393.953_none_42151e83c686086b\COMCTL32.dll
0x00007ffc9e7f0000 - 0x00007ffc9e824000 	C:\WINDOWS\System32\GDI32.dll
0x00007ffc9e150000 - 0x00007ffc9e418000 	C:\WINDOWS\System32\combase.dll
0x00007ffc9b860000 - 0x00007ffc9b9e2000 	C:\WINDOWS\System32\gdi32full.dll
0x00007ffc9bc60000 - 0x00007ffc9bd55000 	C:\WINDOWS\System32\ucrtbase.dll
0x00007ffc9c6d0000 - 0x00007ffc9c73a000 	C:\WINDOWS\System32\bcryptPrimitives.dll
0x00007ffc9e0b0000 - 0x00007ffc9e0de000 	C:\WINDOWS\System32\IMM32.DLL
0x000000006d7a0000 - 0x000000006d872000 	C:\Program Files\Java\jdk1.8.0_112\jre\bin\msvcr100.dll
0x000000006bb60000 - 0x000000006c3fa000 	C:\Program Files\Java\jdk1.8.0_112\jre\bin\server\jvm.dll
0x00007ffc9e140000 - 0x00007ffc9e148000 	C:\WINDOWS\System32\PSAPI.DLL
0x00007ffc8fa70000 - 0x00007ffc8fa79000 	C:\WINDOWS\SYSTEM32\WSOCK32.dll
0x00007ffc99020000 - 0x00007ffc99043000 	C:\WINDOWS\SYSTEM32\WINMM.dll
0x00007ffc9cb30000 - 0x00007ffc9cb9a000 	C:\WINDOWS\System32\WS2_32.dll
0x0000000000d90000 - 0x0000000000dbb000 	C:\WINDOWS\SYSTEM32\WINMMBASE.dll
0x00007ffc97270000 - 0x00007ffc9727a000 	C:\WINDOWS\SYSTEM32\VERSION.dll
0x00007ffc9bd60000 - 0x00007ffc9bda2000 	C:\WINDOWS\System32\cfgmgr32.dll
0x000000006e1e0000 - 0x000000006e1ef000 	C:\Program Files\Java\jdk1.8.0_112\jre\bin\verify.dll
0x000000006d770000 - 0x000000006d799000 	C:\Program Files\Java\jdk1.8.0_112\jre\bin\java.dll
0x000000006d750000 - 0x000000006d766000 	C:\Program Files\Java\jdk1.8.0_112\jre\bin\zip.dll

VM Arguments:
jvm_args: -Dapplication.home=C:\Program Files\Java\jdk1.8.0_112 -Xms8m 
java_command: sun.security.tools.keytool.Main -list -alias androiddebugkey -storepass android -keypass android -keystore C:\Users\unrea\AppData\Local\Xamarin\Mono for Android\debug.keystore
java_class_path (initial): C:\Program Files\Java\jdk1.8.0_112/lib/tools.jar;C:\Program Files\Java\jdk1.8.0_112/classes
Launcher Type: SUN_STANDARD

Environment Variables:
PATH=C:\Program Files\Java\jdk1.8.0_112\bin;P:\Visual Studio 2015\Common7\IDE\CommonExtensions\Microsoft\TeamFoundation\Team Explorer\NativeBinaries\x86;P:\Embarcadero\Studio\18.0\bin;C:\Users\unrea\Documents\Embarcadero\Studio\18.0\Bpl;P:\Embarcadero\Studio\18.0\bin64;C:\Users\unrea\Documents\Embarcadero\Studio\18.0\Bpl\Win64;C:\ProgramData\Oracle\Java\javapath;C:\Users\unrea\.dnx\bin;C:\Program Files\Microsoft DNX\Dnvm\;C:\Program Files\Microsoft SQL Server\130\Tools\Binn\;C:\Program Files (x86)\NVIDIA Corporation\PhysX\Common;C:\Program Files (x86)\Skype\Phone\;C:\Users\unrea\.dnx\bin;C:\Program Files\Microsoft SQL Server\120\Tools\Binn\;C:\WINDOWS\system32;C:\WINDOWS;C:\WINDOWS\System32\Wbem;C:\WINDOWS\System32\WindowsPowerShell\v1.0\;C:\Users\unrea\.dnx\bin;C:\Program Files\Microsoft DNX\Dnvm\;C:\Program Files (x86)\Microsoft Emulator Manager\1.0\;C:\Program Files (x86)\Windows Kits\10\Windows Performance Toolkit\;C:\Program Files\Git\cmd;C:\Program Files\TortoiseSVN\bin;C:\Program Files (x86)\OpenVPN\bin;C:\Program Files (x86)\Microsoft SQL Server\110\Tools\Binn\;C:\Program Files\Microsoft SQL Server\110\Tools\Binn\;C:\Program Files\Microsoft SQL Server\110\DTS\Binn\;C:\Program Files (x86)\Microsoft Visual Studio 10.0\Common7\IDE\PrivateAssemblies\;P:\Go\bin;P:\Go\GoPath\bin;C:\Users\Public\Documents\Embarcadero\Studio\18.0\Bpl;%USERPROFILE%\AppData\Local\Microsoft\WindowsApps;
USERNAME=unrea
OS=Windows_NT
PROCESSOR_IDENTIFIER=AMD64 Family 21 Model 16 Stepping 1, AuthenticAMD



---------------  S Y S T E M  ---------------

OS: Windows 10.0 , 64 bit Build 14393 (10.0.14393.1198)

CPU:total 4 (4 cores per cpu, 1 threads per core) family 21 model 16 stepping 1, cmov, cx8, fxsr, mmx, sse, sse2, sse3, ssse3, sse4.1, sse4.2, popcnt, avx, aes, clmul, mmxext, 3dnowpref, lzcnt, sse4a, tsc, tscinvbit, tscinv, bmi1

Memory: 4k page, physical 7814900k(1571204k free), swap 12604216k(5604k free)

vm_info: Java HotSpot(TM) 64-Bit Server VM (25.112-b15) for windows-amd64 JRE (1.8.0_112-b15), built on Sep 22 2016 21:31:56 by "java_re" with MS VC++ 10.0 (VS2010)

time: Tue May 30 23:40:12 2017
elapsed time: 0 seconds (0d 0h 0m 0s)

